[debug] [2022-02-22T19:29:06.840Z] ----------------------------------------------------------------------
[debug] [2022-02-22T19:29:06.842Z] Command:       C:\Program Files\nodejs\node.exe C:\Users\lenovo\AppData\Roaming\npm\node_modules\firebase-tools\lib\bin\firebase.js init hosting
[debug] [2022-02-22T19:29:06.842Z] CLI Version:   10.2.1
[debug] [2022-02-22T19:29:06.843Z] Platform:      win32
[debug] [2022-02-22T19:29:06.843Z] Node Version:  v16.13.1
[debug] [2022-02-22T19:29:06.843Z] Time:          Tue Feb 22 2022 14:29:06 GMT-0500 (Eastern Standard Time)
[debug] [2022-02-22T19:29:06.844Z] ----------------------------------------------------------------------
[debug] 
[debug] [2022-02-22T19:29:06.851Z] > command requires scopes: ["email","openid","https://www.googleapis.com/auth/cloudplatformprojects.readonly","https://www.googleapis.com/auth/firebase","https://www.googleapis.com/auth/cloud-platform"]
[debug] [2022-02-22T19:29:06.851Z] > authorizing via signed-in user (janapatla.soujanya@gmail.com)
[info] 
     ######## #### ########  ######## ########     ###     ######  ########
     ##        ##  ##     ## ##       ##     ##  ##   ##  ##       ##
     ######    ##  ########  ######   ########  #########  ######  ######
     ##        ##  ##    ##  ##       ##     ## ##     ##       ## ##
     ##       #### ##     ## ######## ########  ##     ##  ######  ########

You're about to initialize a Firebase project in this directory:

  C:\Users\lenovo\Documents\JavaScript\Angular\ag-grid-managers-meeting-dashboard

[info] 
=== Project Setup
[info] 
[info] First, let's associate this project directory with a Firebase project.
[info] You can create multiple project aliases by running firebase use --add, 
[info] but for now we'll just set up a default project.
[info] 
[debug] [2022-02-22T19:29:11.373Z] >>> [apiv2][query] GET https://firebase.googleapis.com/v1beta1/projects pageSize=100
[debug] [2022-02-22T19:29:11.766Z] <<< [apiv2][status] GET https://firebase.googleapis.com/v1beta1/projects 200
[debug] [2022-02-22T19:29:11.766Z] <<< [apiv2][body] GET https://firebase.googleapis.com/v1beta1/projects [omitted]
[info] i  Using project nextrip-angular-4217a (nextrip-angular) 
[info] 
=== Hosting Setup
[info] 
[info] Your public directory is the folder (relative to your project directory) that
[info] will contain Hosting assets to be uploaded with firebase deploy. If you
[info] have a build process for your assets, use your build's output directory.
[info] 
